<?xml version="1.0" encoding="UTF-8"?>
<!-- Generated by org.testng.reporters.JUnitReportReporter -->
<testsuite hostname="LAPTOP-IO7M37EK" failures="0" tests="1" name="runner.CucumberClass" time="14.676" errors="0" timestamp="2025-05-09T23:54:13 SGT" skipped="0">
  <testcase classname="runner.CucumberClass" name="runScenario" time="14.676"/>
  <system-out/>
</testsuite> <!-- runner.CucumberClass -->
