<?xml version="1.0" encoding="UTF-8"?>
<!-- Generated by org.testng.reporters.JUnitReportReporter -->
<testsuite hostname="LAPTOP-IO7M37EK" failures="0" tests="2" name="runner.RunnerClass" time="17.842" errors="0" timestamp="2025-05-09T20:48:57 SGT" skipped="0">
  <testcase classname="runner.RunnerClass" name="runScenario" time="9.128"/>
  <system-out/>
  <testcase classname="runner.RunnerClass" name="runScenario" time="8.714"/>
  <system-out/>
</testsuite> <!-- runner.RunnerClass -->
